# JRE version: OpenJDK Runtime Environment Temurin-21.0.8+9 (21.0.8+9) (build 21.0.8+9-LTS)
# Java VM: OpenJDK 64-Bit Server VM Temurin-21.0.8+9 (21.0.8+9-LTS, mixed mode, sharing, tiered, compressed oops, compressed class ptrs, parallel gc, windows-amd64)
GC Precious Log:
 CardTable entry size: 512
 CPUs: 12 total, 12 available
 Memory: 7597M
 Large Page Support: Disabled
 NUMA Support: Disabled
 Compressed Oops: Enabled (32-bit)
 Alignments: Space 512K, Generation 512K, Heap 2M
 Heap Min Capacity: 100M
 Heap Initial Capacity: 100M
 Heap Max Capacity: 2G
 Pre-touch: Disabled
 Parallel Workers: 10
Heap:
 PSYoungGen      total 3072K, used 629K [0x00000000d5580000, 0x00000000d5a00000, 0x0000000100000000)
  eden space 2048K, 4% used [0x00000000d5580000,0x00000000d5595720,0x00000000d5780000)
  from space 1024K, 53% used [0x00000000d5900000,0x00000000d5988000,0x00000000d5a00000)
  to   space 1024K, 0% used [0x00000000d5800000,0x00000000d5800000,0x00000000d5900000)
 ParOldGen       total 394240K, used 394185K [0x0000000080000000, 0x0000000098100000, 0x00000000d5580000)
  object space 394240K, 99% used [0x0000000080000000,0x00000000980f25b0,0x0000000098100000)
 Metaspace       used 51414K, committed 52608K, reserved 1114112K
  class space    used 5534K, committed 6016K, reserved 1048576K
GC Heap History (20 events):
Event: 22.043 GC heap before
{Heap before GC invocations=245 (full 2):
 PSYoungGen      total 3584K, used 3200K [0x00000000d5580000, 0x00000000d5b80000, 0x0000000100000000)
  eden space 1536K, 100% used [0x00000000d5580000,0x00000000d5700000,0x00000000d5700000)
  from space 2048K, 81% used [0x00000000d5900000,0x00000000d5aa0000,0x00000000d5b00000)
  to   space 2048K, 0% used [0x00000000d5700000,0x00000000d5700000,0x00000000d5900000)
 ParOldGen       total 381952K, used 381635K [0x0000000080000000, 0x0000000097500000, 0x00000000d5580000)
  object space 381952K, 99% used [0x0000000080000000,0x00000000974b0c28,0x0000000097500000)
 Metaspace       used 51020K, committed 52224K, reserved 1114112K
  class space    used 5505K, committed 6016K, reserved 1048576K
}
Event: 22.046 GC heap after
{Heap after GC invocations=245 (full 2):
 PSYoungGen      total 3584K, used 1733K [0x00000000d5580000, 0x00000000d5b80000, 0x0000000100000000)
  eden space 1536K, 0% used [0x00000000d5580000,0x00000000d5580000,0x00000000d5700000)
  from space 2048K, 84% used [0x00000000d5700000,0x00000000d58b1508,0x00000000d5900000)
  to   space 2048K, 0% used [0x00000000d5980000,0x00000000d5980000,0x00000000d5b80000)
 ParOldGen       total 383488K, used 383195K [0x0000000080000000, 0x0000000097680000, 0x00000000d5580000)
  object space 383488K, 99% used [0x0000000080000000,0x0000000097636c28,0x0000000097680000)
 Metaspace       used 51020K, committed 52224K, reserved 1114112K
  class space    used 5505K, committed 6016K, reserved 1048576K
}
Event: 22.053 GC heap before
{Heap before GC invocations=246 (full 2):
 PSYoungGen      total 3584K, used 3269K [0x00000000d5580000, 0x00000000d5b80000, 0x0000000100000000)
  eden space 1536K, 100% used [0x00000000d5580000,0x00000000d5700000,0x00000000d5700000)
  from space 2048K, 84% used [0x00000000d5700000,0x00000000d58b1508,0x00000000d5900000)
  to   space 2048K, 0% used [0x00000000d5980000,0x00000000d5980000,0x00000000d5b80000)
 ParOldGen       total 383488K, used 383195K [0x0000000080000000, 0x0000000097680000, 0x00000000d5580000)
  object space 383488K, 99% used [0x0000000080000000,0x0000000097636c28,0x0000000097680000)
 Metaspace       used 51020K, committed 52224K, reserved 1114112K
  class space    used 5505K, committed 6016K, reserved 1048576K
}
Event: 22.055 GC heap after
{Heap after GC invocations=246 (full 2):
 PSYoungGen      total 4096K, used 1638K [0x00000000d5580000, 0x00000000d5b80000, 0x0000000100000000)
  eden space 2048K, 0% used [0x00000000d5580000,0x00000000d5580000,0x00000000d5780000)
  from space 2048K, 80% used [0x00000000d5980000,0x00000000d5b19ae0,0x00000000d5b80000)
  to   space 2048K, 0% used [0x00000000d5780000,0x00000000d5780000,0x00000000d5980000)
 ParOldGen       total 384512K, used 384332K [0x0000000080000000, 0x0000000097780000, 0x00000000d5580000)
  object space 384512K, 99% used [0x0000000080000000,0x00000000977530d0,0x0000000097780000)
 Metaspace       used 51020K, committed 52224K, reserved 1114112K
  class space    used 5505K, committed 6016K, reserved 1048576K
}
Event: 22.060 GC heap before
{Heap before GC invocations=247 (full 2):
 PSYoungGen      total 4096K, used 3686K [0x00000000d5580000, 0x00000000d5b80000, 0x0000000100000000)
  eden space 2048K, 100% used [0x00000000d5580000,0x00000000d5780000,0x00000000d5780000)
  from space 2048K, 80% used [0x00000000d5980000,0x00000000d5b19ae0,0x00000000d5b80000)
  to   space 2048K, 0% used [0x00000000d5780000,0x00000000d5780000,0x00000000d5980000)
 ParOldGen       total 384512K, used 384332K [0x0000000080000000, 0x0000000097780000, 0x00000000d5580000)
  object space 384512K, 99% used [0x0000000080000000,0x00000000977530d0,0x0000000097780000)
 Metaspace       used 51020K, committed 52224K, reserved 1114112K
  class space    used 5505K, committed 6016K, reserved 1048576K
}
Event: 22.062 GC heap after
{Heap after GC invocations=247 (full 2):
 PSYoungGen      total 4096K, used 2029K [0x00000000d5580000, 0x00000000d5d00000, 0x0000000100000000)
  eden space 2048K, 0% used [0x00000000d5580000,0x00000000d5580000,0x00000000d5780000)
  from space 2048K, 99% used [0x00000000d5780000,0x00000000d597b518,0x00000000d5980000)
  to   space 2560K, 0% used [0x00000000d5a80000,0x00000000d5a80000,0x00000000d5d00000)
 ParOldGen       total 385024K, used 384516K [0x0000000080000000, 0x0000000097800000, 0x00000000d5580000)
  object space 385024K, 99% used [0x0000000080000000,0x00000000977810d0,0x0000000097800000)
 Metaspace       used 51020K, committed 52224K, reserved 1114112K
  class space    used 5505K, committed 6016K, reserved 1048576K
}
Event: 22.068 GC heap before
{Heap before GC invocations=248 (full 2):
 PSYoungGen      total 4096K, used 4077K [0x00000000d5580000, 0x00000000d5d00000, 0x0000000100000000)
  eden space 2048K, 100% used [0x00000000d5580000,0x00000000d5780000,0x00000000d5780000)
  from space 2048K, 99% used [0x00000000d5780000,0x00000000d597b518,0x00000000d5980000)
  to   space 2560K, 0% used [0x00000000d5a80000,0x00000000d5a80000,0x00000000d5d00000)
 ParOldGen       total 385024K, used 384516K [0x0000000080000000, 0x0000000097800000, 0x00000000d5580000)
  object space 385024K, 99% used [0x0000000080000000,0x00000000977810d0,0x0000000097800000)
 Metaspace       used 51020K, committed 52224K, reserved 1114112K
  class space    used 5505K, committed 6016K, reserved 1048576K
}
Event: 22.073 GC heap after
{Heap after GC invocations=248 (full 2):
 PSYoungGen      total 5120K, used 2183K [0x00000000d5580000, 0x00000000d5d00000, 0x0000000100000000)
  eden space 2560K, 0% used [0x00000000d5580000,0x00000000d5580000,0x00000000d5800000)
  from space 2560K, 85% used [0x00000000d5a80000,0x00000000d5ca1c78,0x00000000d5d00000)
  to   space 2560K, 0% used [0x00000000d5800000,0x00000000d5800000,0x00000000d5a80000)
 ParOldGen       total 387072K, used 386653K [0x0000000080000000, 0x0000000097a00000, 0x00000000d5580000)
  object space 387072K, 99% used [0x0000000080000000,0x0000000097997608,0x0000000097a00000)
 Metaspace       used 51020K, committed 52224K, reserved 1114112K
  class space    used 5505K, committed 6016K, reserved 1048576K
}
Event: 22.083 GC heap before
{Heap before GC invocations=249 (full 2):
 PSYoungGen      total 5120K, used 4709K [0x00000000d5580000, 0x00000000d5d00000, 0x0000000100000000)
  eden space 2560K, 98% used [0x00000000d5580000,0x00000000d57f78c8,0x00000000d5800000)
  from space 2560K, 85% used [0x00000000d5a80000,0x00000000d5ca1c78,0x00000000d5d00000)
  to   space 2560K, 0% used [0x00000000d5800000,0x00000000d5800000,0x00000000d5a80000)
 ParOldGen       total 387072K, used 386653K [0x0000000080000000, 0x0000000097a00000, 0x00000000d5580000)
  object space 387072K, 99% used [0x0000000080000000,0x0000000097997608,0x0000000097a00000)
 Metaspace       used 51039K, committed 52224K, reserved 1114112K
  class space    used 5505K, committed 6016K, reserved 1048576K
}
Event: 22.087 GC heap after
{Heap after GC invocations=249 (full 2):
 PSYoungGen      total 4096K, used 1029K [0x00000000d5580000, 0x00000000d5b80000, 0x0000000100000000)
  eden space 2560K, 0% used [0x00000000d5580000,0x00000000d5580000,0x00000000d5800000)
  from space 1536K, 67% used [0x00000000d5800000,0x00000000d5901630,0x00000000d5980000)
  to   space 1536K, 0% used [0x00000000d5a00000,0x00000000d5a00000,0x00000000d5b80000)
 ParOldGen       total 389120K, used 388713K [0x0000000080000000, 0x0000000097c00000, 0x00000000d5580000)
  object space 389120K, 99% used [0x0000000080000000,0x0000000097b9a548,0x0000000097c00000)
 Metaspace       used 51039K, committed 52224K, reserved 1114112K
  class space    used 5505K, committed 6016K, reserved 1048576K
}
Event: 22.138 GC heap before
{Heap before GC invocations=250 (full 2):
 PSYoungGen      total 4096K, used 3589K [0x00000000d5580000, 0x00000000d5b80000, 0x0000000100000000)
  eden space 2560K, 99% used [0x00000000d5580000,0x00000000d57fffe0,0x00000000d5800000)
  from space 1536K, 67% used [0x00000000d5800000,0x00000000d5901630,0x00000000d5980000)
  to   space 1536K, 0% used [0x00000000d5a00000,0x00000000d5a00000,0x00000000d5b80000)
 ParOldGen       total 389120K, used 388713K [0x0000000080000000, 0x0000000097c00000, 0x00000000d5580000)
  object space 389120K, 99% used [0x0000000080000000,0x0000000097b9a548,0x0000000097c00000)
 Metaspace       used 51076K, committed 52224K, reserved 1114112K
  class space    used 5515K, committed 6016K, reserved 1048576K
}
Event: 22.140 GC heap after
{Heap after GC invocations=250 (full 2):
 PSYoungGen      total 3072K, used 1504K [0x00000000d5580000, 0x00000000d5e80000, 0x0000000100000000)
  eden space 1536K, 0% used [0x00000000d5580000,0x00000000d5580000,0x00000000d5700000)
  from space 1536K, 97% used [0x00000000d5a00000,0x00000000d5b78248,0x00000000d5b80000)
  to   space 3072K, 0% used [0x00000000d5700000,0x00000000d5700000,0x00000000d5a00000)
 ParOldGen       total 389632K, used 389592K [0x0000000080000000, 0x0000000097c80000, 0x00000000d5580000)
  object space 389632K, 99% used [0x0000000080000000,0x0000000097c76368,0x0000000097c80000)
 Metaspace       used 51076K, committed 52224K, reserved 1114112K
  class space    used 5515K, committed 6016K, reserved 1048576K
}
Event: 22.156 GC heap before
{Heap before GC invocations=251 (full 2):
 PSYoungGen      total 3072K, used 3040K [0x00000000d5580000, 0x00000000d5e80000, 0x0000000100000000)
  eden space 1536K, 100% used [0x00000000d5580000,0x00000000d5700000,0x00000000d5700000)
  from space 1536K, 97% used [0x00000000d5a00000,0x00000000d5b78248,0x00000000d5b80000)
  to   space 3072K, 0% used [0x00000000d5700000,0x00000000d5700000,0x00000000d5a00000)
 ParOldGen       total 389632K, used 389592K [0x0000000080000000, 0x0000000097c80000, 0x00000000d5580000)
  object space 389632K, 99% used [0x0000000080000000,0x0000000097c76368,0x0000000097c80000)
 Metaspace       used 51099K, committed 52352K, reserved 1114112K
  class space    used 5518K, committed 6016K, reserved 1048576K
}
Event: 22.158 GC heap after
{Heap after GC invocations=251 (full 2):
 PSYoungGen      total 3072K, used 1472K [0x00000000d5580000, 0x00000000d5b80000, 0x0000000100000000)
  eden space 1536K, 0% used [0x00000000d5580000,0x00000000d5580000,0x00000000d5700000)
  from space 1536K, 95% used [0x00000000d5700000,0x00000000d5870000,0x00000000d5880000)
  to   space 2048K, 0% used [0x00000000d5980000,0x00000000d5980000,0x00000000d5b80000)
 ParOldGen       total 391168K, used 391049K [0x0000000080000000, 0x0000000097e00000, 0x00000000d5580000)
  object space 391168K, 99% used [0x0000000080000000,0x0000000097de25b0,0x0000000097e00000)
 Metaspace       used 51099K, committed 52352K, reserved 1114112K
  class space    used 5518K, committed 6016K, reserved 1048576K
}
Event: 22.166 GC heap before
{Heap before GC invocations=252 (full 2):
 PSYoungGen      total 3072K, used 3008K [0x00000000d5580000, 0x00000000d5b80000, 0x0000000100000000)
  eden space 1536K, 100% used [0x00000000d5580000,0x00000000d5700000,0x00000000d5700000)
  from space 1536K, 95% used [0x00000000d5700000,0x00000000d5870000,0x00000000d5880000)
  to   space 2048K, 0% used [0x00000000d5980000,0x00000000d5980000,0x00000000d5b80000)
 ParOldGen       total 391168K, used 391049K [0x0000000080000000, 0x0000000097e00000, 0x00000000d5580000)
  object space 391168K, 99% used [0x0000000080000000,0x0000000097de25b0,0x0000000097e00000)
 Metaspace       used 51125K, committed 52352K, reserved 1114112K
  class space    used 5519K, committed 6016K, reserved 1048576K
}
Event: 22.169 GC heap after
{Heap after GC invocations=252 (full 2):
 PSYoungGen      total 3584K, used 1484K [0x00000000d5580000, 0x00000000d5b00000, 0x0000000100000000)
  eden space 2048K, 0% used [0x00000000d5580000,0x00000000d5580000,0x00000000d5780000)
  from space 1536K, 96% used [0x00000000d5980000,0x00000000d5af33e0,0x00000000d5b00000)
  to   space 1536K, 0% used [0x00000000d5800000,0x00000000d5800000,0x00000000d5980000)
 ParOldGen       total 392704K, used 392353K [0x0000000080000000, 0x0000000097f80000, 0x00000000d5580000)
  object space 392704K, 99% used [0x0000000080000000,0x0000000097f285b0,0x0000000097f80000)
 Metaspace       used 51125K, committed 52352K, reserved 1114112K
  class space    used 5519K, committed 6016K, reserved 1048576K
}
Event: 31.134 GC heap before
{Heap before GC invocations=253 (full 2):
 PSYoungGen      total 3584K, used 3532K [0x00000000d5580000, 0x00000000d5b00000, 0x0000000100000000)
  eden space 2048K, 100% used [0x00000000d5580000,0x00000000d5780000,0x00000000d5780000)
  from space 1536K, 96% used [0x00000000d5980000,0x00000000d5af33e0,0x00000000d5b00000)
  to   space 1536K, 0% used [0x00000000d5800000,0x00000000d5800000,0x00000000d5980000)
 ParOldGen       total 392704K, used 392353K [0x0000000080000000, 0x0000000097f80000, 0x00000000d5580000)
  object space 392704K, 99% used [0x0000000080000000,0x0000000097f285b0,0x0000000097f80000)
 Metaspace       used 51210K, committed 52416K, reserved 1114112K
  class space    used 5523K, committed 6016K, reserved 1048576K
}
Event: 31.136 GC heap after
{Heap after GC invocations=253 (full 2):
 PSYoungGen      total 3072K, used 1008K [0x00000000d5580000, 0x00000000d5a80000, 0x0000000100000000)
  eden space 2048K, 0% used [0x00000000d5580000,0x00000000d5580000,0x00000000d5780000)
  from space 1024K, 98% used [0x00000000d5800000,0x00000000d58fc010,0x00000000d5900000)
  to   space 1536K, 0% used [0x00000000d5900000,0x00000000d5900000,0x00000000d5a80000)
 ParOldGen       total 393728K, used 393609K [0x0000000080000000, 0x0000000098080000, 0x00000000d5580000)
  object space 393728K, 99% used [0x0000000080000000,0x00000000980625b0,0x0000000098080000)
 Metaspace       used 51210K, committed 52416K, reserved 1114112K
  class space    used 5523K, committed 6016K, reserved 1048576K
}
Event: 100.967 GC heap before
{Heap before GC invocations=254 (full 2):
 PSYoungGen      total 3072K, used 3055K [0x00000000d5580000, 0x00000000d5a80000, 0x0000000100000000)
  eden space 2048K, 99% used [0x00000000d5580000,0x00000000d577ff70,0x00000000d5780000)
  from space 1024K, 98% used [0x00000000d5800000,0x00000000d58fc010,0x00000000d5900000)
  to   space 1536K, 0% used [0x00000000d5900000,0x00000000d5900000,0x00000000d5a80000)
 ParOldGen       total 393728K, used 393609K [0x0000000080000000, 0x0000000098080000, 0x00000000d5580000)
  object space 393728K, 99% used [0x0000000080000000,0x00000000980625b0,0x0000000098080000)
 Metaspace       used 51411K, committed 52608K, reserved 1114112K
  class space    used 5533K, committed 6016K, reserved 1048576K
}
Event: 100.969 GC heap after
{Heap after GC invocations=254 (full 2):
 PSYoungGen      total 3072K, used 544K [0x00000000d5580000, 0x00000000d5a00000, 0x0000000100000000)
  eden space 2048K, 0% used [0x00000000d5580000,0x00000000d5580000,0x00000000d5780000)
  from space 1024K, 53% used [0x00000000d5900000,0x00000000d5988000,0x00000000d5a00000)
  to   space 1024K, 0% used [0x00000000d5800000,0x00000000d5800000,0x00000000d5900000)
 ParOldGen       total 394240K, used 394185K [0x0000000080000000, 0x0000000098100000, 0x00000000d5580000)
  object space 394240K, 99% used [0x0000000080000000,0x00000000980f25b0,0x0000000098100000)
 Metaspace       used 51411K, committed 52608K, reserved 1114112K
  class space    used 5533K, committed 6016K, reserved 1048576K
}

